Log file open, 12/27/23 17:12:49
LogWindows: Failed to load 'aqProf.dll' (GetLastError=126)
LogWindows: File 'aqProf.dll' does not exist
LogWindows: Failed to load 'VSPerf140.dll' (GetLastError=126)
LogWindows: File 'VSPerf140.dll' does not exist
LogWindows: Failed to load 'VtuneApi.dll' (GetLastError=126)
LogWindows: File 'VtuneApi.dll' does not exist
LogWindows: Failed to load 'VtuneApi32e.dll' (GetLastError=126)
LogWindows: File 'VtuneApi32e.dll' does not exist
LogInit: Display: Running engine for game: MarsMarine
LogPlatformFile: Not using cached read wrapper
LogTaskGraph: Started task graph with 5 named threads and 23 total threads with 3 sets of task threads.
LogStats: Stats thread started at 0.408479
LogD3D11RHI: Loaded GFSDK_Aftermath_Lib.x64.dll
LogICUInternationalization: Display: ICU TimeZone Detection - Raw Offset: +1:00, Platform Override: ''
LogPluginManager: Mounting plugin Paper2D
LogPluginManager: Mounting plugin AISupport
LogPluginManager: Mounting plugin LightPropagationVolume
LogPluginManager: Mounting plugin CLionSourceCodeAccess
LogPluginManager: Mounting plugin CodeLiteSourceCodeAccess
LogPluginManager: Mounting plugin GitSourceControl
LogPluginManager: Mounting plugin KDevelopSourceCodeAccess
LogPluginManager: Mounting plugin NullSourceCodeAccess
LogPluginManager: Mounting plugin PerforceSourceControl
LogPluginManager: Mounting plugin SubversionSourceControl
LogPluginManager: Mounting plugin UObjectPlugin
LogPluginManager: Mounting plugin VisualStudioCodeSourceCodeAccess
LogPluginManager: Mounting plugin VisualStudioSourceCodeAccess
LogPluginManager: Mounting plugin XCodeSourceCodeAccess
LogPluginManager: Mounting plugin AssetManagerEditor
LogPluginManager: Mounting plugin CryptoKeys
LogPluginManager: Mounting plugin DataValidation
LogPluginManager: Mounting plugin FacialAnimation
LogPluginManager: Mounting plugin GameplayTagsEditor
LogPluginManager: Mounting plugin MacGraphicsSwitching
LogPluginManager: Mounting plugin MeshEditor
LogPluginManager: Mounting plugin MobileLauncherProfileWizard
LogPluginManager: Mounting plugin PluginBrowser
LogPluginManager: Mounting plugin SpeedTreeImporter
LogPluginManager: Mounting plugin DatasmithContent
LogPluginManager: Mounting plugin AlembicImporter
LogPluginManager: Mounting plugin AppleImageUtils
LogPluginManager: Mounting plugin AppleVision
LogPluginManager: Mounting plugin BackChannel
LogPluginManager: Mounting plugin CharacterAI
LogPluginManager: Mounting plugin GeometryCache
LogPluginManager: Mounting plugin HTML5Networking
LogPluginManager: Mounting plugin ProxyLODPlugin
LogPluginManager: Mounting plugin MagicLeap
LogPluginManager: Mounting plugin MagicLeapEmulator
LogPluginManager: Mounting plugin MagicLeapMedia
LogPluginManager: Mounting plugin AndroidMedia
LogPluginManager: Mounting plugin AvfMedia
LogPluginManager: Mounting plugin ImgMedia
LogPluginManager: Mounting plugin LinearTimecode
LogPluginManager: Mounting plugin MediaCompositing
LogPluginManager: Mounting plugin MediaPlayerEditor
LogPluginManager: Mounting plugin WmfMedia
LogPluginManager: Mounting plugin TcpMessaging
LogPluginManager: Mounting plugin UdpMessaging
LogPluginManager: Mounting plugin ActorSequence
LogPluginManager: Mounting plugin LevelSequenceEditor
LogPluginManager: Mounting plugin MatineeToLevelSequence
LogPluginManager: Mounting plugin NetcodeUnitTest
LogPluginManager: Mounting plugin NUTUnrealEngine4
LogPluginManager: Mounting plugin OnlineSubsystemGooglePlay
LogPluginManager: Mounting plugin OnlineSubsystemIOS
LogPluginManager: Mounting plugin OnlineSubsystem
LogPluginManager: Mounting plugin OnlineSubsystemNull
LogPluginManager: Mounting plugin OnlineSubsystemUtils
LogPluginManager: Mounting plugin LauncherChunkInstaller
LogPluginManager: Mounting plugin AndroidDeviceProfileSelector
LogPluginManager: Mounting plugin AndroidMoviePlayer
LogPluginManager: Mounting plugin AndroidPermission
LogPluginManager: Mounting plugin AppleMoviePlayer
LogPluginManager: Mounting plugin ArchVisCharacter
LogPluginManager: Mounting plugin AudioCapture
LogPluginManager: Mounting plugin CableComponent
LogPluginManager: Mounting plugin CustomMeshComponent
LogPluginManager: Mounting plugin EditableMesh
LogPluginManager: Mounting plugin ExampleDeviceProfileSelector
LogPluginManager: Mounting plugin GoogleCloudMessaging
LogPluginManager: Mounting plugin ImmediatePhysics
LogPluginManager: Mounting plugin IOSDeviceProfileSelector
LogPluginManager: Mounting plugin LinuxDeviceProfileSelector
LogPluginManager: Mounting plugin LocationServicesBPLibrary
LogPluginManager: Mounting plugin MobilePatchingUtils
LogPluginManager: Mounting plugin OculusVR
LogPluginManager: Plugin shader directory ../../../Engine/Plugins/Runtime/Oculus/OculusVR/Shaders found
LogPluginManager: Mapping shader source directory ../../../Engine/Plugins/Runtime/Oculus/OculusVR/Shaders to virtual directory /Plugin/OculusVR
LogPluginManager: Mounting plugin PhysXVehicles
LogPluginManager: Mounting plugin ProceduralMeshComponent
LogPluginManager: Mounting plugin RuntimePhysXCooking
LogPluginManager: Mounting plugin SteamVR
LogPluginManager: Mounting plugin WindowsMoviePlayer
LogStreaming: Display: Took  0.413s to configure plugins.
LogInit: Using libcurl 7.55.1-DEV
LogInit:  - built for x86_64-pc-win32
LogInit:  - supports SSL with OpenSSL/1.0.2h
LogInit:  - supports HTTP deflate (compression) using libz 1.2.8
LogInit:  - other features:
LogInit:      CURL_VERSION_SSL
LogInit:      CURL_VERSION_LIBZ
LogInit:      CURL_VERSION_IPV6
LogInit:      CURL_VERSION_ASYNCHDNS
LogInit:      CURL_VERSION_LARGEFILE
LogInit:      CURL_VERSION_IDN
LogInit:  CurlRequestOptions (configurable via config and command line):
LogInit:  - bVerifyPeer = false  - Libcurl will NOT verify peer certificate
LogInit:  - bUseHttpProxy = false  - Libcurl will NOT use HTTP proxy
LogInit:  - bDontReuseConnections = false  - Libcurl will reuse connections
LogInit:  - CertBundlePath = nullptr  - Libcurl will use whatever was configured at build time.
LogInit:  - MaxHostConnections = 16  - Libcurl will limit the number of connections to a host
LogInit:  - LocalHostAddr = Default
LogInit:  - BufferSize = 65536
LogInit: WinSock: version 1.1 (2.2), MaxSocks=32767, MaxUdp=65467
LogInit: Build: ++UE4+Release-4.20-CL-4369336
LogInit: Engine Version: 4.20.3-4369336+++UE4+Release-4.20
LogInit: Compatible Engine Version: 4.20.0-4212847+++UE4+Release-4.20
LogInit: Net CL: 4212847
LogInit: OS: Windows 10 (), CPU: Intel(R) Core(TM) i7-6820HQ CPU @ 2.70GHz, GPU: Intel(R) HD Graphics 530
LogInit: Compiled (64-bit): Sep 17 2018 12:26:19
LogInit: Compiled with Visual C++: 19.13.26129.00
LogInit: Build Configuration: Development
LogInit: Branch Name: ++UE4+Release-4.20
LogInit: Command Line:  
LogInit: Base Directory: C:/Program Files/Epic Games/UE_4.20/Engine/Binaries/Win64/
LogInit: Installed Engine Build: 1
LogDevObjectVersion: Number of dev versions registered: 20
LogDevObjectVersion:   Dev-Blueprints (B0D832E4-1F89-4F0D-ACCF-7EB736FD4AA2): 10
LogDevObjectVersion:   Dev-Build (E1C64328-A22C-4D53-A36C-8E866417BD8C): 0
LogDevObjectVersion:   Dev-Core (375EC13C-06E4-48FB-B500-84F0262A717E): 2
LogDevObjectVersion:   Dev-Editor (E4B068ED-F494-42E9-A231-DA0B2E46BB41): 24
LogDevObjectVersion:   Dev-Framework (CFFC743F-43B0-4480-9391-14DF171D2073): 34
LogDevObjectVersion:   Dev-Mobile (B02B49B5-BB20-44E9-A304-32B752E40360): 2
LogDevObjectVersion:   Dev-Networking (A4E4105C-59A1-49B5-A7C5-40C4547EDFEE): 0
LogDevObjectVersion:   Dev-Online (39C831C9-5AE6-47DC-9A44-9C173E1C8E7C): 0
LogDevObjectVersion:   Dev-Physics (78F01B33-EBEA-4F98-B9B4-84EACCB95AA2): 0
LogDevObjectVersion:   Dev-Platform (6631380F-2D4D-43E0-8009-CF276956A95A): 0
LogDevObjectVersion:   Dev-Rendering (12F88B9F-8875-4AFC-A67C-D90C383ABD29): 26
LogDevObjectVersion:   Dev-Sequencer (7B5AE74C-D270-4C10-A958-57980B212A5A): 9
LogDevObjectVersion:   Dev-VR (D7296918-1DD6-4BDD-9DE2-64A83CC13884): 2
LogDevObjectVersion:   Dev-LoadTimes (C2A15278-BFE7-4AFE-6C17-90FF531DF755): 1
LogDevObjectVersion:   Private-Geometry (6EACA3D4-40EC-4CC1-B786-8BED09428FC5): 3
LogDevObjectVersion:   Dev-AnimPhys (29E575DD-E0A3-4627-9D10-D276232CDCEA): 17
LogDevObjectVersion:   Dev-ReflectionCapture (6B266CEC-1EC7-4B8F-A30B-E4D90942FC07): 1
LogDevObjectVersion:   Dev-Automation (0DF73D61-A23F-47EA-B727-89E90C41499A): 1
LogDevObjectVersion:   FortniteMain (601D1886-AC64-4F84-AA16-D3DE0DEAC7D6): 12
LogDevObjectVersion:   Dev-Enterprise (9DFFBCD6-494F-0158-E221-12823C92A888): 1
LogStreaming: Display: Took  0.001s to delete old logs.
LogInit: Presizing for max 8388607 objects, including 0 objects not considered by GC, pre-allocating 0 bytes for permanent pool.
LogInit: Object subsystem initialized
[2023.12.27-16.12.49:898][  0]LogInit: Selected Device Profile: [Windows]
[2023.12.27-16.12.49:898][  0]LogInit: Applying CVar settings loaded from the selected device profile: [Windows]
[2023.12.27-16.12.49:917][  0]LogHAL: Display: Platform has ~ 32 GB [34157223936 / 34359738368 / 32], which maps to Largest [LargestMinGB=32, LargerMinGB=12, DefaultMinGB=8, SmallerMinGB=6, SmallestMinGB=0)
[2023.12.27-16.12.49:917][  0]LogInit: Setting Device Profile CVar: [[r.Vulkan.UseRealUBs:1]]
[2023.12.27-16.12.49:917][  0]LogInit: Going up to parent DeviceProfile []
[2023.12.27-16.12.49:918][  0]LogInit: Computer: PRECISION7710
[2023.12.27-16.12.49:918][  0]LogInit: User: LauraWagner
[2023.12.27-16.12.49:918][  0]LogInit: CPU Page size=4096, Cores=4
[2023.12.27-16.12.49:918][  0]LogInit: High frequency timer resolution =10.000000 MHz
[2023.12.27-16.12.49:918][  0]LogMemory: Memory total: Physical=31.8GB (32GB approx)
[2023.12.27-16.12.49:918][  0]LogMemory: Platform Memory Stats for Windows
[2023.12.27-16.12.49:918][  0]LogMemory: Process Physical Memory: 101.96 MB used, 101.96 MB peak
[2023.12.27-16.12.49:918][  0]LogMemory: Process Virtual Memory: 90.97 MB used, 90.97 MB peak
[2023.12.27-16.12.49:918][  0]LogMemory: Physical Memory: 11350.45 MB used,  21224.42 MB free, 32574.87 MB total
[2023.12.27-16.12.49:918][  0]LogMemory: Virtual Memory: 4629.57 MB used,  21224.42 MB free, 134217728.00 MB total
[2023.12.27-16.12.50:029][  0]LogInit: Using OS detected language (de-DE).
[2023.12.27-16.12.50:029][  0]LogInit: Using OS detected locale (de-DE).
[2023.12.27-16.12.50:031][  0]LogTextLocalizationManager: No specific localization for 'de-DE' exists, so the 'de' localization will be used.
[2023.12.27-16.12.50:038][  0]LogStreaming: Display: Took  0.009s to InitEngineTextLocalization.
[2023.12.27-16.12.50:038][  0]LogInit: Setting process to per monitor DPI aware
[2023.12.27-16.12.50:101][  0]LogSlate: New Slate User Created.  User Index 0, Is Virtual User: 0
[2023.12.27-16.12.50:101][  0]LogSlate: Slate User Registered.  User Index 0, Is Virtual User: 0
[2023.12.27-16.12.50:819][  0]LogHMD: Failed to initialize OpenVR with code 110
[2023.12.27-16.12.50:819][  0]LogD3D11RHI: D3D11 adapters:
[2023.12.27-16.12.51:045][  0]LogD3D11RHI:    0. 'NVIDIA Quadro M3000M' (Feature Level 11_0)
[2023.12.27-16.12.51:045][  0]LogD3D11RHI:       4047/0/16287 MB DedicatedVideo/DedicatedSystem/SharedSystem, Outputs:1, VendorId:0x10de
[2023.12.27-16.12.51:098][  0]LogD3D11RHI:    1. 'Intel(R) HD Graphics 530' (Feature Level 11_0)
[2023.12.27-16.12.51:098][  0]LogD3D11RHI:       128/0/16287 MB DedicatedVideo/DedicatedSystem/SharedSystem, Outputs:0, VendorId:0x8086
[2023.12.27-16.12.51:101][  0]LogD3D11RHI:    2. 'Microsoft Basic Render Driver' (Feature Level 11_0)
[2023.12.27-16.12.51:102][  0]LogD3D11RHI:       0/0/16287 MB DedicatedVideo/DedicatedSystem/SharedSystem, Outputs:0, VendorId:0x1414
[2023.12.27-16.12.51:102][  0]LogD3D11RHI: Chosen D3D11 Adapter: 0
[2023.12.27-16.12.51:111][  0]LogD3D11RHI: Creating new Direct3DDevice
[2023.12.27-16.12.51:111][  0]LogD3D11RHI:     GPU DeviceId: 0x13fa (for the marketing name, search the web for "GPU Device Id")
[2023.12.27-16.12.51:111][  0]LogWindows: EnumDisplayDevices:
[2023.12.27-16.12.51:111][  0]LogWindows:    0. 'Intel(R) HD Graphics 530' (P:1 D:1)
[2023.12.27-16.12.51:111][  0]LogWindows:    1. 'Intel(R) HD Graphics 530' (P:0 D:0)
[2023.12.27-16.12.51:112][  0]LogWindows:    2. 'Intel(R) HD Graphics 530' (P:0 D:0)
[2023.12.27-16.12.51:112][  0]LogWindows:    3. 'NVIDIA Quadro M3000M' (P:0 D:0)
[2023.12.27-16.12.51:113][  0]LogWindows:    4. 'NVIDIA Quadro M3000M' (P:0 D:0)
[2023.12.27-16.12.51:113][  0]LogWindows:    5. 'NVIDIA Quadro M3000M' (P:0 D:0)
[2023.12.27-16.12.51:114][  0]LogWindows:    6. 'NVIDIA Quadro M3000M' (P:0 D:0)
[2023.12.27-16.12.51:114][  0]LogWindows: DebugString: PrimaryIsNotTheChoosenAdapter PrimaryIsNotTheChoosenAdapter PrimaryIsNotTheChoosenAdapter FoundDriverCount:4 
[2023.12.27-16.12.51:114][  0]LogD3D11RHI:     Adapter Name: NVIDIA Quadro M3000M
[2023.12.27-16.12.51:114][  0]LogD3D11RHI:   Driver Version: 536.45 (internal:31.0.15.3645, unified:536.45)
[2023.12.27-16.12.51:114][  0]LogD3D11RHI:      Driver Date: 6-26-2023
[2023.12.27-16.12.51:114][  0]LogRHI: Texture pool is 2833 MB (70% of 4047 MB)
[2023.12.27-16.12.51:258][  0]LogD3D11RHI: Async texture creation enabled
[2023.12.27-16.12.51:282][  0]LogD3D11RHI: GPU Timing Frequency: 1000.000000 (Debug: 2 1)
[2023.12.27-16.12.51:284][  0]LogShaderCompilers: Guid format shader working directory is -17 characters bigger than the processId version (../../../../../../Users/Laura Wagner/GitHub/GameProjects/MarsMarine_UE/Intermediate/Shaders/WorkingDirectory/2768/).
[2023.12.27-16.12.51:285][  0]LogShaderCompilers: Cleaned the shader compiler working directory 'C:/Users/Laura Wagner/AppData/Local/Temp/UnrealShaderWorkingDir/224993EF4943EAE57DD750A4CD981AB4/'.
[2023.12.27-16.12.51:905][  0]LogTemp: Display: Loaded TP AllDesktopTargetPlatform
[2023.12.27-16.12.51:924][  0]LogTemp: Display: Loaded TP MacClientTargetPlatform
[2023.12.27-16.12.51:943][  0]LogTemp: Display: Loaded TP MacNoEditorTargetPlatform
[2023.12.27-16.12.51:963][  0]LogTemp: Display: Loaded TP MacServerTargetPlatform
[2023.12.27-16.12.51:985][  0]LogTemp: Display: Loaded TP MacTargetPlatform
[2023.12.27-16.12.52:009][  0]LogTemp: Display: Loaded TP WindowsClientTargetPlatform
[2023.12.27-16.12.52:028][  0]LogTemp: Display: Loaded TP WindowsNoEditorTargetPlatform
[2023.12.27-16.12.52:051][  0]LogTemp: Display: Loaded TP WindowsServerTargetPlatform
[2023.12.27-16.12.52:061][  0]LogTemp: Display: Loaded TP WindowsTargetPlatform
[2023.12.27-16.12.52:176][  0]LogTemp: Display: Loaded TP AndroidTargetPlatform
[2023.12.27-16.12.52:176][  0]LogTemp: Display: Loaded TP AndroidTargetPlatform
[2023.12.27-16.12.52:176][  0]LogTemp: Display: Loaded TP AndroidTargetPlatform
[2023.12.27-16.12.52:176][  0]LogTemp: Display: Loaded TP AndroidTargetPlatform
[2023.12.27-16.12.52:176][  0]LogTemp: Display: Loaded TP AndroidTargetPlatform
[2023.12.27-16.12.52:176][  0]LogTemp: Display: Loaded TP AndroidTargetPlatform
[2023.12.27-16.12.52:176][  0]LogTemp: Display: Loaded TP AndroidTargetPlatform
[2023.12.27-16.12.52:176][  0]LogTemp: Display: Loaded TP AndroidTargetPlatform
[2023.12.27-16.12.52:176][  0]LogTemp: Display: Loaded TP AndroidTargetPlatform
[2023.12.27-16.12.52:176][  0]LogTemp: Display: Loaded TP AndroidTargetPlatform
[2023.12.27-16.12.52:176][  0]LogTemp: Display: Loaded TP AndroidTargetPlatform
[2023.12.27-16.12.52:176][  0]LogTemp: Display: Loaded TP AndroidTargetPlatform
[2023.12.27-16.12.52:176][  0]LogTemp: Display: Loaded TP AndroidTargetPlatform
[2023.12.27-16.12.52:176][  0]LogTemp: Display: Loaded TP AndroidTargetPlatform
[2023.12.27-16.12.52:176][  0]LogTemp: Display: Loaded TP AndroidTargetPlatform
[2023.12.27-16.12.52:176][  0]LogTemp: Display: Loaded TP AndroidTargetPlatform
[2023.12.27-16.12.52:176][  0]LogTemp: Display: Loaded TP AndroidTargetPlatform
[2023.12.27-16.12.52:176][  0]LogTemp: Display: Loaded TP AndroidTargetPlatform
[2023.12.27-16.12.52:180][  0]LogTemp: Display: Loaded TP HTML5TargetPlatform
[2023.12.27-16.12.52:257][  0]LogTemp: Display: Loaded TP IOSTargetPlatform
[2023.12.27-16.12.52:257][  0]LogTemp: Display: Loaded TP IOSTargetPlatform
[2023.12.27-16.12.52:290][  0]LogTemp: Display: Loaded TP TVOSTargetPlatform
[2023.12.27-16.12.52:290][  0]LogTemp: Display: Loaded TP TVOSTargetPlatform
[2023.12.27-16.12.52:308][  0]LogTemp: Display: Loaded TP LinuxClientTargetPlatform
[2023.12.27-16.12.52:326][  0]LogTemp: Display: Loaded TP LinuxNoEditorTargetPlatform
[2023.12.27-16.12.52:342][  0]LogTemp: Display: Loaded TP LinuxServerTargetPlatform
[2023.12.27-16.12.52:360][  0]LogTemp: Display: Loaded TP LinuxTargetPlatform
[2023.12.27-16.12.52:371][  0]LogTemp: Display: Loaded TP LuminTargetPlatform
[2023.12.27-16.12.52:372][  0]LogTargetPlatformManager: Display: Building Assets For Windows
[2023.12.27-16.12.52:507][  0]LogXGEController: Cleaning working directory: C:/Users/Laura Wagner/AppData/Local/Temp/UnrealXGEWorkingDir/
[2023.12.27-16.12.52:508][  0]LogXGEController: Cannot use XGE Controller as Incredibuild is not installed on this machine.
[2023.12.27-16.12.52:508][  0]LogShaderCompilers: Cannot use XGE Shader Compiler as Incredibuild is not installed on this machine.
[2023.12.27-16.12.52:508][  0]LogShaderCompilers: Display: Using Local Shader Compiler.
[2023.12.27-16.12.53:942][  0]LogDerivedDataCache: Display: Max Cache Size: 512 MB
[2023.12.27-16.12.54:018][  0]LogDerivedDataCache: Loaded boot cache 0.08s 71MB C:/Users/Laura Wagner/AppData/Local/UnrealEngine/4.20/DerivedDataCache/Boot.ddc.
[2023.12.27-16.12.54:019][  0]LogDerivedDataCache: Display: Loaded Boot cache: C:/Users/Laura Wagner/AppData/Local/UnrealEngine/4.20/DerivedDataCache/Boot.ddc
[2023.12.27-16.12.54:019][  0]LogDerivedDataCache: FDerivedDataBackendGraph:  Pak pak cache file ../../../../../../Users/Laura Wagner/GitHub/GameProjects/MarsMarine_UE/DerivedDataCache/DDC.ddp not found, will not use a pak cache.
[2023.12.27-16.12.54:019][  0]LogDerivedDataCache: Unable to find inner node Pak for hierarchical cache Hierarchy.
[2023.12.27-16.12.54:019][  0]LogDerivedDataCache: FDerivedDataBackendGraph:  CompressedPak pak cache file ../../../../../../Users/Laura Wagner/GitHub/GameProjects/MarsMarine_UE/DerivedDataCache/Compressed.ddp not found, will not use a pak cache.
[2023.12.27-16.12.54:019][  0]LogDerivedDataCache: Unable to find inner node CompressedPak for hierarchical cache Hierarchy.
[2023.12.27-16.12.54:036][  0]LogDerivedDataCache: Display: Pak cache opened for reading ../../../Engine/DerivedDataCache/Compressed.ddp.
[2023.12.27-16.12.54:051][  0]LogDerivedDataCache: Using Local data cache path C:/Users/Laura Wagner/AppData/Local/UnrealEngine/Common/DerivedDataCache: Writable
[2023.12.27-16.12.54:051][  0]LogDerivedDataCache: Shared data cache path not found in *engine.ini, will not use an Shared cache.
[2023.12.27-16.12.54:051][  0]LogDerivedDataCache: Unable to find inner node Shared for hierarchical cache Hierarchy.
[2023.12.27-16.12.54:074][  0]LogMaterial: Verifying Global Shaders for PCD3D_SM5
[2023.12.27-16.12.54:076][  0]LogSlate: Using FreeType 2.6.0
[2023.12.27-16.12.54:078][  0]LogSlate: SlateFontServices - WITH_FREETYPE: 1, WITH_HARFBUZZ: 1
[2023.12.27-16.12.54:200][  0]LogAssetRegistry: FAssetRegistry took 0.0276 seconds to start up
[2023.12.27-16.12.54:746][  0]LogInit: Selected Device Profile: [Windows]
[2023.12.27-16.12.54:971][  0]LogSimplygon: Simplygon DLL not present - disabling.
[2023.12.27-16.12.54:983][  0]LogMeshReduction: Using SimplygonSwarm for distributed automatic mesh merging
[2023.12.27-16.12.54:983][  0]LogMeshReduction: Using ProxyLODMeshReduction for automatic mesh merging
[2023.12.27-16.12.54:983][  0]LogMeshReduction: Using QuadricMeshReduction for automatic static mesh reduction
[2023.12.27-16.12.54:983][  0]LogMeshReduction: No automatic skeletal mesh reduction module available
[2023.12.27-16.12.55:013][  0]LogNetVersion: MarsMarine 1.0.0, NetCL: 4212847, EngineNetVer: 5, GameNetVer: 0 (Checksum: 3901647910)
[2023.12.27-16.12.55:896][  0]LogPackageLocalizationCache: Processed 11 localized package path(s) for 2 prioritized culture(s) in 0.230837 seconds
[2023.12.27-16.12.55:903][  0]LogUObjectArray: 38425 objects as part of root set at end of initial load.
[2023.12.27-16.12.55:903][  0]LogUObjectAllocator: 6690872 out of 0 bytes used by permanent object pool.
[2023.12.27-16.12.55:903][  0]LogUObjectArray: CloseDisregardForGC: 0/0 objects in disregard for GC pool
[2023.12.27-16.12.57:455][  0]LogTcpMessaging: Initializing TcpMessaging bridge
[2023.12.27-16.12.57:470][  0]LogUdpMessaging: Initializing bridge on interface 0.0.0.0:0 to multicast group 230.0.0.1:6666.
[2023.12.27-16.12.57:678][  0]SourceControl: Source control is disabled
[2023.12.27-16.12.57:678][  0]SourceControl: Source control is disabled
[2023.12.27-16.12.57:680][  0]SourceControl: Source control is disabled
[2023.12.27-16.12.57:682][  0]SourceControl: Source control is disabled
[2023.12.27-16.12.57:968][  0]LogAndroidPermission: UAndroidPermissionCallbackProxy::GetInstance
[2023.12.27-16.12.58:134][  0]LogOcInput: OculusInput pre-init called
[2023.12.27-16.12.58:221][  0]LogEngine: Initializing Engine...
[2023.12.27-16.12.58:224][  0]LogHMD: Failed to initialize OpenVR with code 110
[2023.12.27-16.12.58:227][  0]LogStats: UGameplayTagsManager::ConstructGameplayTagTree: ImportINI prefixes -  0.000 s
[2023.12.27-16.12.58:227][  0]LogStats: UGameplayTagsManager::ConstructGameplayTagTree: Construct from data asset -  0.000 s
[2023.12.27-16.12.58:227][  0]LogStats: UGameplayTagsManager::ConstructGameplayTagTree: ImportINI -  0.000 s
[2023.12.27-16.12.58:227][  0]LogStats: UGameplayTagsManager::ConstructGameplayTagTree: GameplayTagTreeChangedEvent.Broadcast -  0.000 s
[2023.12.27-16.12.58:496][  0]LogInit: Initializing FReadOnlyCVARCache
[2023.12.27-16.12.58:522][  0]LogAIModule: Creating AISystem for world Untitled
[2023.12.27-16.12.58:555][  0]LogInit: XAudio2 using 'Lautsprecher / Kopfhörer (Realtek Audio)' : 2 channels at 48 kHz using 32 bits per sample (channel mask 0x3)
[2023.12.27-16.12.58:806][  0]LogInit: FAudioDevice initialized.
[2023.12.27-16.12.58:806][  0]LogNetVersion: Set ProjectVersion to 1.0.0.0. Version Checksum will be recalculated on next use.
[2023.12.27-16.12.58:871][  0]LogDerivedDataCache: Saved boot cache 0.06s 71MB C:/Users/Laura Wagner/AppData/Local/UnrealEngine/4.20/DerivedDataCache/Boot.ddc.
[2023.12.27-16.12.58:876][  0]LogInit: Texture streaming: Enabled
[2023.12.27-16.12.58:915][  0]LogEngineSessionManager: EngineSessionManager initialized
[2023.12.27-16.12.58:939][  0]LogInit: Transaction tracking system initialized
[2023.12.27-16.12.58:997][  0]BlueprintLog: New page: Editor Load
[2023.12.27-16.12.59:167][  0]LocalizationService: Localization service is disabled
[2023.12.27-16.12.59:654][  0]LogCook: Display: Max memory allowance for cook 16384mb min free memory 0mb
[2023.12.27-16.12.59:654][  0]LogCook: Display: Mobile HDR setting 1
[2023.12.27-16.12.59:654][  0]LogGameplayTags: Display: UGameplayTagsManager::DoneAddingNativeTags. DelegateIsBound: 0
[2023.12.27-16.12.59:655][  0]LogStats: UGameplayTagsManager::ConstructGameplayTagTree: ImportINI prefixes -  0.000 s
[2023.12.27-16.12.59:655][  0]LogStats: UGameplayTagsManager::ConstructGameplayTagTree: Construct from data asset -  0.000 s
[2023.12.27-16.12.59:655][  0]LogStats: UGameplayTagsManager::ConstructGameplayTagTree: ImportINI -  0.001 s
[2023.12.27-16.12.59:655][  0]LogStats: UGameplayTagsManager::ConstructGameplayTagTree: GameplayTagTreeChangedEvent.Broadcast -  0.000 s
[2023.12.27-16.12.59:915][  0]LogFileCache: Scanning file cache for directory 'C:/Users/Laura Wagner/GitHub/GameProjects/MarsMarine_UE/Content/' took 0.04s
[2023.12.27-16.12.59:915][  0]SourceControl: Source control is disabled
[2023.12.27-16.12.59:915][  0]Cmd: MAP LOAD FILE="../../../../../../Users/Laura Wagner/GitHub/GameProjects/MarsMarine_UE/Content/Levels/Mars.umap" TEMPLATE=0 SHOWPROGRESS=1 FEATURELEVEL=3
[2023.12.27-16.12.59:916][  0]LightingResults: New page: Lighting Build
[2023.12.27-16.12.59:920][  0]MapCheck: New page: Map Check
[2023.12.27-16.12.59:920][  0]LightingResults: New page: Lighting Build
[2023.12.27-16.13.00:892][  0]LogLinker: Warning: Can't find file '/Game/Levels/Mars_BuiltData'
[2023.12.27-16.13.00:893][  0]LogLinker: Warning: Can't find file for asset '/Game/Levels/Mars_BuiltData' while loading ../../../../../../Users/Laura Wagner/GitHub/GameProjects/MarsMarine_UE/Content/Levels/Mars.umap.
[2023.12.27-16.13.00:893][  0]LoadErrors: Error: /Game/Levels/Mars : Can't find file for asset. /Game/Levels/Mars_BuiltData
[2023.12.27-16.13.00:927][  0]LogLinker: Warning: Can't find file '/Game/Levels/Mars_BuiltData'
[2023.12.27-16.13.00:927][  0]LogLinker: Warning: Can't find file for asset '/Game/Levels/Mars_BuiltData' while loading ../../../../../../Users/Laura Wagner/GitHub/GameProjects/MarsMarine_UE/Content/Levels/Mars.umap.
[2023.12.27-16.13.00:927][  0]LoadErrors: Error: /Game/Levels/Mars : Can't find file for asset. /Game/Levels/Mars_BuiltData
[2023.12.27-16.13.00:934][  0]LogLinker: Warning: Can't find file '/Game/Levels/Mars_BuiltData'
[2023.12.27-16.13.00:934][  0]LogLinker: Warning: Can't find file for asset '/Game/Levels/Mars_BuiltData' while loading NULL.
[2023.12.27-16.13.00:934][  0]LogLinker: Warning: Can't find file '/Game/Levels/Mars_BuiltData'
[2023.12.27-16.13.00:935][  0]LogLinker: Warning: Can't find file for asset '/Game/Levels/Mars_BuiltData' while loading NULL.
[2023.12.27-16.13.01:097][  0]LogLinker: Warning: Can't find file '/Game/Levels/Mars_BuiltData'
[2023.12.27-16.13.01:097][  0]LoadErrors: Failed to load /Game/Levels/Mars_BuiltData.Mars_BuiltData Referenced by PersistentLevel
[2023.12.27-16.13.01:097][  0]LogLinker: Warning: Can't find file for asset '/Game/Levels/Mars_BuiltData' while loading NULL.
[2023.12.27-16.13.01:097][  0]LoadErrors: Failed to load /Game/Levels/Mars_BuiltData.Mars_BuiltData Referenced by PersistentLevel
[2023.12.27-16.13.01:511][  0]LogAIModule: Creating AISystem for world Mars
[2023.12.27-16.13.01:591][  0]LogEditorServer: Finished looking for orphan Actors (0.000 secs)
[2023.12.27-16.13.01:629][  0]Cmd: MAP CHECKDEP NOCLEARLOG
[2023.12.27-16.13.01:963][  0]MapCheck: Map check complete: 0 Error(s), 0 Warning(s), took 333,55ms to complete.
[2023.12.27-16.13.01:963][  0]LogFileHelpers: Loading map 'Mars' took 2.048
[2023.12.27-16.13.02:088][  0]LogSlate: Updating window title bar state: overlay mode, drag disabled, window buttons hidden, title bar hidden
[2023.12.27-16.13.02:100][  0]LogSlate: Updating window title bar state: overlay mode, drag disabled, window buttons hidden, title bar hidden
[2023.12.27-16.13.02:112][  0]LogSlate: Updating window title bar state: overlay mode, drag disabled, window buttons hidden, title bar hidden
[2023.12.27-16.13.02:122][  0]LogSlate: Updating window title bar state: overlay mode, drag disabled, window buttons hidden, title bar hidden
[2023.12.27-16.13.02:140][  0]LogCollectionManager: Loaded 0 collections in 0.005049 seconds
[2023.12.27-16.13.02:198][  0]LogFileCache: Scanning file cache for directory 'C:/Users/Laura Wagner/GitHub/GameProjects/MarsMarine_UE/Saved/Collections/' took 0.01s
[2023.12.27-16.13.02:198][  0]LogFileCache: Scanning file cache for directory 'C:/Users/Laura Wagner/GitHub/GameProjects/MarsMarine_UE/Content/Developers/LauraWagner/Collections/' took 0.01s
[2023.12.27-16.13.02:198][  0]LogFileCache: Scanning file cache for directory 'C:/Users/Laura Wagner/GitHub/GameProjects/MarsMarine_UE/Content/Collections/' took 0.01s
[2023.12.27-16.13.02:198][  0]LogCollectionManager: Rebuilt the GUID cache for 0 collections in 0.000001 seconds
[2023.12.27-16.13.02:212][  0]LogContentBrowser: Native class hierarchy populated in 0.0134 seconds. Added 2572 classes and 603 folders.
[2023.12.27-16.13.02:225][  0]LogContentBrowser: Native class hierarchy updated for 'WidgetCarousel' in 0.0005 seconds. Added 0 classes and 0 folders.
[2023.12.27-16.13.02:428][  0]LogContentBrowser: Native class hierarchy updated for 'AddContentDialog' in 0.0006 seconds. Added 0 classes and 0 folders.
[2023.12.27-16.13.02:439][  0]LogContentBrowser: Native class hierarchy updated for 'SceneOutliner' in 0.0007 seconds. Added 1 classes and 2 folders.
[2023.12.27-16.13.02:586][  0]LogSlate: Took 0.000478 seconds to synchronously load lazily loaded font '../../../Engine/Content/Slate/Fonts/Roboto-Regular.ttf' (155K)
[2023.12.27-16.13.02:589][  0]LogSlate: Took 0.000492 seconds to synchronously load lazily loaded font '../../../Engine/Content/Slate/Fonts/Roboto-Bold.ttf' (160K)
[2023.12.27-16.13.02:598][  0]LogSlate: Took 0.000520 seconds to synchronously load lazily loaded font '../../../Engine/Content/Editor/Slate/Fonts/FontAwesome.ttf' (139K)
[2023.12.27-16.13.02:769][  0]LogRenderer: Reallocating scene render targets to support 1044x576 Format 10 NumSamples 1 (Frame:1).
[2023.12.27-16.13.03:183][  0]LogContentBrowser: Native class hierarchy updated for 'HierarchicalLODOutliner' in 0.0006 seconds. Added 0 classes and 0 folders.
[2023.12.27-16.13.03:183][  0]LogLoad: (Engine Initialization) Total time: 17.77 seconds
[2023.12.27-16.13.03:184][  0]LogLoad: (Engine Initialization) Total Blueprint compile time: 0.00 seconds
[2023.12.27-16.13.03:235][  0]LogContentStreaming: Texture pool size now 1000 MB
[2023.12.27-16.13.03:271][  0]LogSlate: FSceneViewport::OnFocusLost() reason 2
[2023.12.27-16.13.03:367][  0]LogSlate: Took 0.000423 seconds to synchronously load lazily loaded font '../../../Engine/Content/Slate/Fonts/Roboto-Light.ttf' (167K)
[2023.12.27-16.13.03:736][  3]LogAssetRegistry: Asset discovery search completed in 9.5590 seconds
[2023.12.27-16.13.03:738][  3]LogCollectionManager: Rebuilt the object cache for 0 collections in 0.000001 seconds (found 0 objects)
[2023.12.27-16.13.03:738][  3]LogCollectionManager: Fixed up redirectors for 0 collections in 0.000090 seconds (updated 0 objects)
[2023.12.27-16.17.03:215][858]LogSlate: Window 'Message Log' being destroyed
[2023.12.27-16.17.03:222][858]LogSlate: Window 'Message Log' being destroyed
[2023.12.27-16.17.04:209][917]LogSlate: FSceneViewport::OnFocusLost() reason 0
[2023.12.27-16.21.33:727][130]LogSlate: Window 'MarsMarine - Unreal Editor' being destroyed
[2023.12.27-16.21.34:024][131]Cmd: QUIT_EDITOR
[2023.12.27-16.21.34:096][131]LogWindowsTextInputMethodSystem: Display: IME system now deactivated.
[2023.12.27-16.21.34:132][131]LogExit: Preparing to exit.
[2023.12.27-16.21.34:854][131]LogExit: Editor shut down
[2023.12.27-16.21.34:855][131]LogExit: Transaction tracking system shut down
[2023.12.27-16.21.35:677][131]LogExit: Object subsystem successfully closed.
[2023.12.27-16.21.35:694][131]LogShaderCompilers: Display: Shaders left to compile 0
[2023.12.27-16.21.35:698][131]LogD3D11RHI: Shutdown
[2023.12.27-16.21.35:698][131]LogD3D11RHI: CleanupD3DDevice
[2023.12.27-16.21.35:701][131]LogD3D11RHI: ~FD3D11DynamicRHI
[2023.12.27-16.21.35:766][131]LogModuleManager: Shutting down and abandoning module HierarchicalLODOutliner (610)
[2023.12.27-16.21.35:767][131]LogModuleManager: Shutting down and abandoning module SceneOutliner (608)
[2023.12.27-16.21.35:767][131]LogModuleManager: Shutting down and abandoning module AddContentDialog (606)
[2023.12.27-16.21.35:767][131]LogModuleManager: Shutting down and abandoning module WidgetCarousel (605)
[2023.12.27-16.21.35:767][131]LogModuleManager: Shutting down and abandoning module EditorWidgets (602)
[2023.12.27-16.21.35:767][131]LogModuleManager: Shutting down and abandoning module CollectionManager (600)
[2023.12.27-16.21.35:768][131]LogModuleManager: Shutting down and abandoning module StatsViewer (598)
[2023.12.27-16.21.35:768][131]LogModuleManager: Shutting down and abandoning module FoliageEdit (596)
[2023.12.27-16.21.35:768][131]LogModuleManager: Shutting down and abandoning module LandscapeEditor (594)
[2023.12.27-16.21.35:768][131]LogModuleManager: Shutting down and abandoning module MeshPaintMode (592)
[2023.12.27-16.21.35:768][131]LogModuleManager: Shutting down and abandoning module SceneDepthPickerMode (590)
[2023.12.27-16.21.35:768][131]LogModuleManager: Shutting down and abandoning module ActorPickerMode (588)
[2023.12.27-16.21.35:768][131]LogModuleManager: Shutting down and abandoning module GeometryMode (586)
[2023.12.27-16.21.35:768][131]LogModuleManager: Shutting down and abandoning module TextureAlignMode (584)
[2023.12.27-16.21.35:768][131]LogModuleManager: Shutting down and abandoning module BspMode (582)
[2023.12.27-16.21.35:768][131]LogModuleManager: Shutting down and abandoning module PIEPreviewDeviceProfileSelector (580)
[2023.12.27-16.21.35:768][131]LogModuleManager: Shutting down and abandoning module SequenceRecorderSections (578)
[2023.12.27-16.21.35:768][131]LogModuleManager: Shutting down and abandoning module AutomationWorker (576)
[2023.12.27-16.21.35:768][131]LogModuleManager: Shutting down and abandoning module AudioCaptureEditor (574)
[2023.12.27-16.21.35:768][131]LogModuleManager: Shutting down and abandoning module SequenceRecorder (573)
[2023.12.27-16.21.35:768][131]LogModuleManager: Shutting down and abandoning module MatineeToLevelSequence (570)
[2023.12.27-16.21.35:769][131]LogModuleManager: Shutting down and abandoning module LevelSequenceEditor (568)
[2023.12.27-16.21.35:769][131]LogModuleManager: Shutting down and abandoning module PlacementMode (567)
[2023.12.27-16.21.35:769][131]LogModuleManager: Shutting down and abandoning module MaterialEditor (566)
[2023.12.27-16.21.35:769][131]LogModuleManager: Shutting down and abandoning module WmfMediaFactory (562)
[2023.12.27-16.21.35:769][131]LogModuleManager: Shutting down and abandoning module WmfMediaEditor (560)
[2023.12.27-16.21.35:769][131]LogModuleManager: Shutting down and abandoning module MediaPlayerEditor (558)
[2023.12.27-16.21.35:769][131]LogModuleManager: Shutting down and abandoning module OpenExrWrapper (556)
[2023.12.27-16.21.35:769][131]LogModuleManager: Shutting down and abandoning module ImgMediaFactory (554)
[2023.12.27-16.21.35:769][131]LogModuleManager: Shutting down and abandoning module ImgMediaEditor (552)
[2023.12.27-16.21.35:769][131]LogModuleManager: Shutting down and abandoning module AvfMediaFactory (550)
[2023.12.27-16.21.35:769][131]LogModuleManager: Shutting down and abandoning module AvfMediaEditor (548)
[2023.12.27-16.21.35:769][131]LogModuleManager: Shutting down and abandoning module AndroidMediaFactory (546)
[2023.12.27-16.21.35:769][131]LogModuleManager: Shutting down and abandoning module AndroidMediaEditor (544)
[2023.12.27-16.21.35:769][131]LogModuleManager: Shutting down and abandoning module MagicLeapCameraPreviewFactory (542)
[2023.12.27-16.21.35:769][131]LogModuleManager: Shutting down and abandoning module MagicLeapMediaFactory (540)
[2023.12.27-16.21.35:769][131]LogModuleManager: Shutting down and abandoning module MagicLeapMediaEditor (538)
[2023.12.27-16.21.35:769][131]LogModuleManager: Shutting down and abandoning module CharacterAI (536)
[2023.12.27-16.21.35:769][131]LogModuleManager: Shutting down and abandoning module SmartSnapping (534)
[2023.12.27-16.21.35:769][131]LogModuleManager: Shutting down and abandoning module SessionServices (532)
[2023.12.27-16.21.35:769][131]LogModuleManager: Shutting down and abandoning module ViewportSnapping (530)
[2023.12.27-16.21.35:769][131]LogModuleManager: Shutting down and abandoning module ViewportInteraction (528)
[2023.12.27-16.21.35:770][131]LogModuleManager: Shutting down and abandoning module ClothPainter (526)
[2023.12.27-16.21.35:770][131]LogModuleManager: Shutting down and abandoning module SkeletalMeshEditor (525)
[2023.12.27-16.21.35:770][131]LogModuleManager: Shutting down and abandoning module LogVisualizer (522)
[2023.12.27-16.21.35:770][131]LogModuleManager: Shutting down and abandoning module IntroTutorials (520)
[2023.12.27-16.21.35:770][131]LogModuleManager: Shutting down and abandoning module GameProjectGeneration (519)
[2023.12.27-16.21.35:770][131]LogModuleManager: Shutting down and abandoning module LuminPlatformEditor (516)
[2023.12.27-16.21.35:770][131]LogModuleManager: Shutting down and abandoning module IOSPlatformEditor (514)
[2023.12.27-16.21.35:770][131]LogModuleManager: Shutting down and abandoning module HTML5PlatformEditor (512)
[2023.12.27-16.21.35:770][131]LogModuleManager: Shutting down and abandoning module AndroidPlatformEditor (510)
[2023.12.27-16.21.35:770][131]LogModuleManager: Shutting down and abandoning module AndroidDeviceDetection (509)
[2023.12.27-16.21.36:672][131]LogModuleManager: Shutting down and abandoning module WindowsPlatformEditor (506)
[2023.12.27-16.21.36:672][131]LogModuleManager: Shutting down and abandoning module LuminRuntimeSettings (504)
[2023.12.27-16.21.36:672][131]LogModuleManager: Shutting down and abandoning module IOSRuntimeSettings (502)
[2023.12.27-16.21.36:672][131]LogModuleManager: Shutting down and abandoning module AndroidRuntimeSettings (500)
[2023.12.27-16.21.36:672][131]LogModuleManager: Shutting down and abandoning module InputBindingEditor (498)
[2023.12.27-16.21.36:672][131]LogModuleManager: Shutting down and abandoning module MergeActors (496)
[2023.12.27-16.21.36:672][131]LogModuleManager: Shutting down and abandoning module LocalizationDashboard (494)
[2023.12.27-16.21.36:672][131]LogModuleManager: Shutting down and abandoning module LocalizationService (493)
[2023.12.27-16.21.36:673][131]LogModuleManager: Shutting down and abandoning module HardwareTargeting (490)
[2023.12.27-16.21.36:673][131]LogModuleManager: Shutting down and abandoning module DeviceProfileEditor (488)
[2023.12.27-16.21.36:673][131]LogModuleManager: Shutting down and abandoning module UndoHistory (486)
[2023.12.27-16.21.36:673][131]LogModuleManager: Shutting down and abandoning module XmlParser (484)
[2023.12.27-16.21.36:673][131]LogModuleManager: Shutting down and abandoning module Blutility (482)
[2023.12.27-16.21.36:673][131]LogModuleManager: Shutting down and abandoning module ProjectSettingsViewer (480)
[2023.12.27-16.21.36:673][131]LogModuleManager: Shutting down and abandoning module ProjectTargetPlatformEditor (479)
[2023.12.27-16.21.36:673][131]LogModuleManager: Shutting down and abandoning module EditorSettingsViewer (476)
[2023.12.27-16.21.36:673][131]LogModuleManager: Shutting down and abandoning module SettingsEditor (474)
[2023.12.27-16.21.36:673][131]LogModuleManager: Shutting down and abandoning module ProjectLauncher (472)
[2023.12.27-16.21.36:673][131]LogModuleManager: Shutting down and abandoning module SessionFrontend (470)
[2023.12.27-16.21.36:673][131]LogModuleManager: Shutting down and abandoning module ProfilerClient (468)
[2023.12.27-16.21.36:673][131]LogModuleManager: Shutting down and abandoning module DeviceManager (466)
[2023.12.27-16.21.36:673][131]LogModuleManager: Shutting down and abandoning module TargetDeviceServices (465)
[2023.12.27-16.21.36:717][131]LogModuleManager: Shutting down and abandoning module AutomationController (462)
[2023.12.27-16.21.36:717][131]LogModuleManager: Shutting down and abandoning module AutomationWindow (460)
[2023.12.27-16.21.36:717][131]LogModuleManager: Shutting down and abandoning module Layers (458)
[2023.12.27-16.21.36:717][131]LogModuleManager: Shutting down and abandoning module ComponentVisualizers (456)
[2023.12.27-16.21.36:717][131]LogModuleManager: Shutting down and abandoning module DetailCustomizations (454)
[2023.12.27-16.21.36:717][131]LogModuleManager: Shutting down and abandoning module PackagesDialog (452)
[2023.12.27-16.21.36:717][131]LogModuleManager: Shutting down and abandoning module Persona (450)
[2023.12.27-16.21.36:717][131]LogModuleManager: Shutting down and abandoning module AdvancedPreviewScene (449)
[2023.12.27-16.21.36:717][131]LogModuleManager: Shutting down and abandoning module AnimGraph (447)
[2023.12.27-16.21.36:717][131]LogModuleManager: Shutting down and abandoning module Kismet (444)
[2023.12.27-16.21.36:717][131]LogModuleManager: Shutting down and abandoning module GraphEditor (442)
[2023.12.27-16.21.36:718][131]LogModuleManager: Shutting down and abandoning module ClassViewer (440)
[2023.12.27-16.21.36:718][131]LogModuleManager: Shutting down and abandoning module Toolbox (438)
[2023.12.27-16.21.36:718][131]LogModuleManager: Shutting down and abandoning module ModuleUI (436)
[2023.12.27-16.21.36:718][131]LogModuleManager: Shutting down and abandoning module MovieSceneTools (434)
[2023.12.27-16.21.36:718][131]LogModuleManager: Shutting down and abandoning module OutputLog (432)
[2023.12.27-16.21.36:718][131]LogModuleManager: Shutting down and abandoning module GammaUI (430)
[2023.12.27-16.21.36:718][131]LogModuleManager: Shutting down and abandoning module Documentation (428)
[2023.12.27-16.21.36:718][131]LogModuleManager: Shutting down and abandoning module MovieSceneTracks (426)
[2023.12.27-16.21.36:718][131]LogModuleManager: Shutting down and abandoning module MovieScene (424)
[2023.12.27-16.21.36:718][131]LogModuleManager: Shutting down and abandoning module StreamingPauseRendering (422)
[2023.12.27-16.21.36:718][131]LogModuleManager: Shutting down and abandoning module LauncherPlatform (420)
[2023.12.27-16.21.36:718][131]LogModuleManager: Shutting down and abandoning module AnalyticsET (418)
[2023.12.27-16.21.36:718][131]LogModuleManager: Shutting down and abandoning module PortalServices (416)
[2023.12.27-16.21.36:718][131]LogModuleManager: Shutting down and abandoning module PortalRpc (414)
[2023.12.27-16.21.36:718][131]LogModuleManager: Shutting down and abandoning module MessagingRpc (412)
[2023.12.27-16.21.36:718][131]LogModuleManager: Shutting down and abandoning module AIModule (410)
[2023.12.27-16.21.36:718][131]LogModuleManager: Shutting down and abandoning module GameplayDebugger (409)
[2023.12.27-16.21.36:718][131]LogModuleManager: Shutting down and abandoning module AITestSuite (407)
[2023.12.27-16.21.36:718][131]LogModuleManager: Shutting down and abandoning module NavigationSystem (405)
[2023.12.27-16.21.36:718][131]LogModuleManager: Shutting down and abandoning module DesktopPlatform (402)
[2023.12.27-16.21.36:718][131]LogModuleManager: Shutting down and abandoning module ProfilerService (400)
[2023.12.27-16.21.36:909][131]LogModuleManager: Shutting down and abandoning module TaskGraph (398)
[2023.12.27-16.21.36:909][131]LogModuleManager: Shutting down and abandoning module SteamVRController (396)
[2023.12.27-16.21.36:909][131]LogModuleManager: Shutting down and abandoning module ProceduralMeshComponentEditor (394)
[2023.12.27-16.21.36:909][131]LogModuleManager: Shutting down and abandoning module ProceduralMeshComponent (392)
[2023.12.27-16.21.36:909][131]LogModuleManager: Shutting down and abandoning module OculusInput (390)
[2023.12.27-16.21.36:909][131]LogModuleManager: Shutting down and abandoning module MobilePatchingUtils (388)
[2023.12.27-16.21.36:909][131]LogModuleManager: Shutting down and abandoning module EditableMesh (386)
[2023.12.27-16.21.36:909][131]LogModuleManager: Shutting down and abandoning module CustomMeshComponent (384)
[2023.12.27-16.21.36:910][131]LogModuleManager: Shutting down and abandoning module CableComponent (382)
[2023.12.27-16.21.36:910][131]LogModuleManager: Shutting down and abandoning module AudioCapture (380)
[2023.12.27-16.21.36:910][131]LogModuleManager: Shutting down and abandoning module ArchVisCharacter (378)
[2023.12.27-16.21.36:910][131]LogModuleManager: Shutting down and abandoning module AndroidPermission (376)
[2023.12.27-16.21.36:910][131]LogModuleManager: Shutting down and abandoning module NUTUnrealEngine4 (374)
[2023.12.27-16.21.36:910][131]LogModuleManager: Shutting down and abandoning module NetcodeUnitTest (372)
[2023.12.27-16.21.36:910][131]LogModuleManager: Shutting down and abandoning module MediaCompositingEditor (370)
[2023.12.27-16.21.36:910][131]LogModuleManager: Shutting down and abandoning module MediaCompositing (368)
[2023.12.27-16.21.36:910][131]LogModuleManager: Shutting down and abandoning module LinearTimecode (366)
[2023.12.27-16.21.36:910][131]LogModuleManager: Shutting down and abandoning module ImgMedia (364)
[2023.12.27-16.21.36:913][131]LogModuleManager: Shutting down and abandoning module HTML5Networking (362)
[2023.12.27-16.21.36:914][131]LogModuleManager: Shutting down and abandoning module GeometryCacheTracks (360)
[2023.12.27-16.21.36:914][131]LogModuleManager: Shutting down and abandoning module GeometryCacheSequencer (358)
[2023.12.27-16.21.36:914][131]LogModuleManager: Shutting down and abandoning module BackChannel (356)
[2023.12.27-16.21.36:914][131]LogModuleManager: Shutting down and abandoning module AppleVision (354)
[2023.12.27-16.21.36:914][131]LogModuleManager: Shutting down and abandoning module AppleImageUtils (352)
[2023.12.27-16.21.36:914][131]LogModuleManager: Shutting down and abandoning module AlembicImporter (350)
[2023.12.27-16.21.36:914][131]LogModuleManager: Shutting down and abandoning module AlembicLibrary (349)
[2023.12.27-16.21.36:914][131]LogModuleManager: Shutting down and abandoning module GeometryCache (348)
[2023.12.27-16.21.36:914][131]LogModuleManager: Shutting down and abandoning module GeometryCacheEd (347)
[2023.12.27-16.21.36:914][131]LogModuleManager: Shutting down and abandoning module DatasmithContentEditor (342)
[2023.12.27-16.21.36:914][131]LogModuleManager: Shutting down and abandoning module DatasmithContent (340)
[2023.12.27-16.21.36:915][131]LogModuleManager: Shutting down and abandoning module SpeedTreeImporter (338)
[2023.12.27-16.21.36:915][131]LogModuleManager: Shutting down and abandoning module PluginBrowser (336)
[2023.12.27-16.21.36:915][131]LogModuleManager: Shutting down and abandoning module MobileLauncherProfileWizard (334)
[2023.12.27-16.21.36:915][131]LogModuleManager: Shutting down and abandoning module PolygonModeling (332)
[2023.12.27-16.21.36:915][131]LogModuleManager: Shutting down and abandoning module MeshEditor (330)
[2023.12.27-16.21.36:915][131]LogModuleManager: Shutting down and abandoning module CryptoKeysOpenSSL (328)
[2023.12.27-16.21.36:915][131]LogModuleManager: Shutting down and abandoning module CryptoKeys (326)
[2023.12.27-16.21.36:915][131]LogModuleManager: Shutting down and abandoning module VisualStudioSourceCodeAccess (324)
[2023.12.27-16.21.36:916][131]LogModuleManager: Shutting down and abandoning module VisualStudioCodeSourceCodeAccess (322)
[2023.12.27-16.21.36:916][131]LogModuleManager: Shutting down and abandoning module UObjectPlugin (320)
[2023.12.27-16.21.36:916][131]LogModuleManager: Shutting down and abandoning module SubversionSourceControl (318)
[2023.12.27-16.21.36:916][131]LogModuleManager: Shutting down and abandoning module PerforceSourceControl (316)
[2023.12.27-16.21.36:916][131]LogModuleManager: Shutting down and abandoning module GitSourceControl (314)
[2023.12.27-16.21.36:916][131]LogModuleManager: Shutting down and abandoning module SourceControl (313)
[2023.12.27-16.21.36:916][131]LogModuleManager: Shutting down and abandoning module CLionSourceCodeAccess (310)
[2023.12.27-16.21.36:916][131]LogModuleManager: Shutting down and abandoning module LightPropagationVolumeEditor (308)
[2023.12.27-16.21.36:916][131]LogModuleManager: Shutting down and abandoning module PaperTiledImporter (306)
[2023.12.27-16.21.36:916][131]LogModuleManager: Shutting down and abandoning module PaperSpriteSheetImporter (304)
[2023.12.27-16.21.36:916][131]LogModuleManager: Shutting down and abandoning module Paper2DEditor (302)
[2023.12.27-16.21.36:916][131]LogModuleManager: Shutting down and abandoning module MeshPaint (301)
[2023.12.27-16.21.36:916][131]LogModuleManager: Shutting down and abandoning module RuntimePhysXCooking (298)
[2023.12.27-16.21.36:916][131]LogModuleManager: Shutting down and abandoning module PhysXVehiclesEditor (296)
[2023.12.27-16.21.36:916][131]LogModuleManager: Shutting down and abandoning module PhysXVehicles (294)
[2023.12.27-16.21.36:916][131]LogModuleManager: Shutting down and abandoning module OculusEditor (292)
[2023.12.27-16.21.36:916][131]LogModuleManager: Shutting down and abandoning module LocationServicesBPLibrary (290)
[2023.12.27-16.21.36:916][131]LogModuleManager: Shutting down and abandoning module ImmediatePhysicsEditor (288)
[2023.12.27-16.21.36:916][131]LogModuleManager: Shutting down and abandoning module ImmediatePhysics (286)
[2023.12.27-16.21.36:916][131]LogModuleManager: Shutting down and abandoning module ActorSequence (284)
[2023.12.27-16.21.36:916][131]LogModuleManager: Shutting down and abandoning module UdpMessaging (282)
[2023.12.27-16.21.37:017][131]LogModuleManager: Shutting down and abandoning module TcpMessaging (280)
[2023.12.27-16.21.37:118][131]LogModuleManager: Shutting down and abandoning module MagicLeapAudio (278)
[2023.12.27-16.21.37:118][131]LogModuleManager: Shutting down and abandoning module GameplayTagsEditor (276)
[2023.12.27-16.21.37:118][131]LogModuleManager: Shutting down and abandoning module FacialAnimationEditor (274)
[2023.12.27-16.21.37:118][131]LogModuleManager: Shutting down and abandoning module FacialAnimation (272)
[2023.12.27-16.21.37:118][131]LogModuleManager: Shutting down and abandoning module DataValidation (270)
[2023.12.27-16.21.37:118][131]LogModuleManager: Shutting down and abandoning module AssetManagerEditor (268)
[2023.12.27-16.21.37:118][131]LogModuleManager: Shutting down and abandoning module LevelEditor (267)
[2023.12.27-16.21.37:119][131]LogModuleManager: Shutting down and abandoning module PixelInspectorModule (266)
[2023.12.27-16.21.37:119][131]LogModuleManager: Shutting down and abandoning module CommonMenuExtensions (264)
[2023.12.27-16.21.37:119][131]LogModuleManager: Shutting down and abandoning module MainFrame (262)
[2023.12.27-16.21.37:119][131]LogModuleManager: Shutting down and abandoning module HotReload (261)
[2023.12.27-16.21.37:120][131]LogModuleManager: Shutting down and abandoning module ContentBrowser (257)
[2023.12.27-16.21.37:120][131]LogModuleManager: Shutting down and abandoning module TreeMap (255)
[2023.12.27-16.21.37:120][131]LogModuleManager: Shutting down and abandoning module LightPropagationVolumeRuntime (252)
[2023.12.27-16.21.37:120][131]LogModuleManager: Shutting down and abandoning module AISupportModule (250)
[2023.12.27-16.21.37:121][131]LogModuleManager: Shutting down and abandoning module Paper2D (248)
[2023.12.27-16.21.37:121][131]LogModuleManager: Shutting down and abandoning module WindowsMoviePlayer (246)
[2023.12.27-16.21.37:121][131]LogModuleManager: Shutting down and abandoning module WmfMedia (244)
[2023.12.27-16.21.37:122][131]LogModuleManager: Shutting down and abandoning module Media (243)
[2023.12.27-16.21.37:128][131]LogModuleManager: Shutting down and abandoning module PacketHandler (240)
[2023.12.27-16.21.37:128][131]LogModuleManager: Shutting down and abandoning module ClothingSystemEditor (238)
[2023.12.27-16.21.37:128][131]LogModuleManager: Shutting down and abandoning module ClothingSystemRuntime (236)
[2023.12.27-16.21.37:128][131]LogModuleManager: Shutting down and abandoning module MediaAssets (234)
[2023.12.27-16.21.37:128][131]LogModuleManager: Shutting down and abandoning module Overlay (232)
[2023.12.27-16.21.37:128][131]LogModuleManager: Shutting down and abandoning module OverlayEditor (231)
[2023.12.27-16.21.37:128][131]LogModuleManager: Shutting down and abandoning module VREditor (228)
[2023.12.27-16.21.37:128][131]LogModuleManager: Shutting down and abandoning module StringTableEditor (226)
[2023.12.27-16.21.37:128][131]LogModuleManager: Shutting down and abandoning module GameplayTasksEditor (224)
[2023.12.27-16.21.37:128][131]LogModuleManager: Shutting down and abandoning module BehaviorTreeEditor (222)
[2023.12.27-16.21.37:129][131]LogModuleManager: Shutting down and abandoning module FunctionalTesting (220)
[2023.12.27-16.21.37:129][131]LogModuleManager: Shutting down and abandoning module CollisionAnalyzer (218)
[2023.12.27-16.21.37:129][131]LogModuleManager: Shutting down and abandoning module WorkspaceMenuStructure (217)
[2023.12.27-16.21.37:129][131]LogModuleManager: Shutting down and abandoning module UMG (214)
[2023.12.27-16.21.37:129][131]LogModuleManager: Shutting down and abandoning module UMGEditor (213)
[2023.12.27-16.21.37:129][131]LogModuleManager: Shutting down and abandoning module Sequencer (212)
[2023.12.27-16.21.37:129][131]LogModuleManager: Shutting down and abandoning module MessageLog (209)
[2023.12.27-16.21.37:129][131]LogModuleManager: Shutting down and abandoning module SlateReflector (204)
[2023.12.27-16.21.37:129][131]LogModuleManager: Shutting down and abandoning module Slate (202)
[2023.12.27-16.21.37:129][131]LogModuleManager: Shutting down and abandoning module EditorStyle (200)
[2023.12.27-16.21.37:131][131]LogModuleManager: Shutting down and abandoning module MRMesh (198)
[2023.12.27-16.21.37:131][131]LogModuleManager: Shutting down and abandoning module SourceCodeAccess (196)
[2023.12.27-16.21.37:131][131]LogModuleManager: Shutting down and abandoning module HeadMountedDisplay (194)
[2023.12.27-16.21.37:131][131]LogModuleManager: Shutting down and abandoning module XAudio2 (192)
[2023.12.27-16.21.37:131][131]LogModuleManager: Shutting down and abandoning module Networking (190)
[2023.12.27-16.21.37:131][131]LogModuleManager: Shutting down and abandoning module Core (188)
[2023.12.27-16.21.37:131][131]LogModuleManager: Shutting down and abandoning module LevelSequence (186)
[2023.12.27-16.21.37:131][131]LogModuleManager: Shutting down and abandoning module KismetCompiler (184)
[2023.12.27-16.21.37:131][131]LogModuleManager: Shutting down and abandoning module MeshUtilities (182)
[2023.12.27-16.21.37:131][131]LogModuleManager: Shutting down and abandoning module MeshMergeUtilities (181)
[2023.12.27-16.21.37:131][131]LogModuleManager: Shutting down and abandoning module MeshReductionInterface (180)
[2023.12.27-16.21.37:131][131]LogModuleManager: Shutting down and abandoning module SimplygonSwarm (179)
[2023.12.27-16.21.37:131][131]LogModuleManager: Shutting down and abandoning module ProxyLODMeshReduction (177)
[2023.12.27-16.21.37:131][131]LogModuleManager: Shutting down and abandoning module SimplygonMeshReduction (175)
[2023.12.27-16.21.37:131][131]LogModuleManager: Shutting down and abandoning module QuadricMeshReduction (173)
[2023.12.27-16.21.37:131][131]LogModuleManager: Shutting down and abandoning module MaterialBaking (169)
[2023.12.27-16.21.37:131][131]LogModuleManager: Shutting down and abandoning module DirectoryWatcher (165)
[2023.12.27-16.21.37:131][131]LogModuleManager: Shutting down and abandoning module DerivedDataCache (162)
[2023.12.27-16.21.37:189][131]LogDerivedDataCache: Shutdown
[2023.12.27-16.21.37:189][131]LogModuleManager: Shutting down and abandoning module XGEController (160)
[2023.12.27-16.21.37:189][131]LogXGEController: Cleaning working directory: C:/Users/Laura Wagner/AppData/Local/Temp/UnrealXGEWorkingDir/
[2023.12.27-16.21.37:190][131]LogModuleManager: Shutting down and abandoning module TargetPlatform (158)
[2023.12.27-16.21.37:190][131]LogModuleManager: Shutting down and abandoning module VulkanShaderFormat (157)
[2023.12.27-16.21.37:190][131]LogModuleManager: Shutting down and abandoning module ShaderFormatVectorVM (155)
[2023.12.27-16.21.37:190][131]LogModuleManager: Shutting down and abandoning module ShaderFormatOpenGL (153)
[2023.12.27-16.21.37:190][131]LogModuleManager: Shutting down and abandoning module ShaderFormatD3D (151)
[2023.12.27-16.21.37:190][131]LogModuleManager: Shutting down and abandoning module MetalShaderFormat (149)
[2023.12.27-16.21.37:190][131]LogModuleManager: Shutting down and abandoning module TextureFormatUncompressed (147)
[2023.12.27-16.21.37:190][131]LogModuleManager: Shutting down and abandoning module TextureFormatPVR (145)
[2023.12.27-16.21.37:190][131]LogModuleManager: Shutting down and abandoning module TextureFormatDXT (143)
[2023.12.27-16.21.37:190][131]LogModuleManager: Shutting down and abandoning module TextureFormatIntelISPCTexComp (141)
[2023.12.27-16.21.37:190][131]LogModuleManager: Shutting down and abandoning module TextureFormatASTC (139)
[2023.12.27-16.21.37:190][131]LogModuleManager: Shutting down and abandoning module ImageWrapper (138)
[2023.12.27-16.21.37:190][131]LogModuleManager: Shutting down and abandoning module TextureFormatAndroid (135)
[2023.12.27-16.21.37:190][131]LogModuleManager: Shutting down and abandoning module AudioFormatOpus (133)
[2023.12.27-16.21.37:190][131]LogModuleManager: Shutting down and abandoning module AudioFormatOgg (131)
[2023.12.27-16.21.37:190][131]LogModuleManager: Shutting down and abandoning module AudioFormatADPCM (129)
[2023.12.27-16.21.37:190][131]LogModuleManager: Shutting down and abandoning module LuminTargetPlatform (127)
[2023.12.27-16.21.37:190][131]LogModuleManager: Shutting down and abandoning module LinuxTargetPlatform (125)
[2023.12.27-16.21.37:190][131]LogModuleManager: Shutting down and abandoning module LinuxServerTargetPlatform (123)
[2023.12.27-16.21.37:190][131]LogModuleManager: Shutting down and abandoning module LinuxNoEditorTargetPlatform (121)
[2023.12.27-16.21.37:190][131]LogModuleManager: Shutting down and abandoning module LinuxClientTargetPlatform (119)
[2023.12.27-16.21.37:191][131]LogModuleManager: Shutting down and abandoning module TVOSTargetPlatform (117)
[2023.12.27-16.21.37:191][131]LogModuleManager: Shutting down and abandoning module Messaging (115)
[2023.12.27-16.21.37:191][131]LogModuleManager: Shutting down and abandoning module IOSTargetPlatform (113)
[2023.12.27-16.21.37:192][131]LogModuleManager: Shutting down and abandoning module HTML5TargetPlatform (111)
[2023.12.27-16.21.37:192][131]LogModuleManager: Shutting down and abandoning module AndroidTargetPlatform (109)
[2023.12.27-16.21.37:200][131]LogModuleManager: Shutting down and abandoning module WindowsTargetPlatform (107)
[2023.12.27-16.21.37:200][131]LogModuleManager: Shutting down and abandoning module WindowsServerTargetPlatform (105)
[2023.12.27-16.21.37:200][131]LogModuleManager: Shutting down and abandoning module WindowsNoEditorTargetPlatform (103)
[2023.12.27-16.21.37:200][131]LogModuleManager: Shutting down and abandoning module WindowsClientTargetPlatform (101)
[2023.12.27-16.21.37:200][131]LogModuleManager: Shutting down and abandoning module MacTargetPlatform (99)
[2023.12.27-16.21.37:200][131]LogModuleManager: Shutting down and abandoning module MacServerTargetPlatform (97)
[2023.12.27-16.21.37:200][131]LogModuleManager: Shutting down and abandoning module MacNoEditorTargetPlatform (95)
[2023.12.27-16.21.37:200][131]LogModuleManager: Shutting down and abandoning module MacClientTargetPlatform (93)
[2023.12.27-16.21.37:200][131]LogModuleManager: Shutting down and abandoning module AllDesktopTargetPlatform (91)
[2023.12.27-16.21.37:200][131]LogModuleManager: Shutting down and abandoning module InputCore (88)
[2023.12.27-16.21.37:200][131]LogModuleManager: Shutting down and abandoning module Settings (86)
[2023.12.27-16.21.37:200][131]LogModuleManager: Shutting down and abandoning module PhysXCooking (84)
[2023.12.27-16.21.37:200][131]LogModuleManager: Shutting down and abandoning module SteamVR (82)
[2023.12.27-16.21.37:200][131]LogModuleManager: Shutting down and abandoning module OculusHMD (80)
[2023.12.27-16.21.37:200][131]LogModuleManager: Shutting down and abandoning module ExampleDeviceProfileSelector (78)
[2023.12.27-16.21.37:200][131]LogModuleManager: Shutting down and abandoning module LauncherChunkInstaller (76)
[2023.12.27-16.21.37:200][131]LogModuleManager: Shutting down and abandoning module OnlineBlueprintSupport (74)
[2023.12.27-16.21.37:200][131]LogModuleManager: Shutting down and abandoning module OnlineSubsystem (70)
[2023.12.27-16.21.37:201][131]LogModuleManager: Shutting down and abandoning module XMPP (65)
[2023.12.27-16.21.37:201][131]LogModuleManager: Shutting down and abandoning module WebSockets (64)
[2023.12.27-16.21.37:224][131]LogModuleManager: Shutting down and abandoning module HTTP (61)
[2023.12.27-16.21.37:224][131]LogHttp: Display: Http module shutting down, but needs to wait on 1 outstanding Http requests:
[2023.12.27-16.21.37:224][131]LogHttp: Display: 	verb=[POST] url=[https://datarouter.ol.epicgames.com/datarouter/api/v1/public/data?SessionID=%7B53459251-474E-43C5-4035-F3ACC61E20B3%7D&AppID=UEEditor.Rocket.Release&AppVersion=4.20.3-4369336%2B%2B%2BUE4%2BRelease-4.20&UserID=517db7d944354c977d1f5a8cd9a2068b%7C0bace342a7094651b9e86720d961f77a%7Ce54da203-b8ef-43da-afc5-72579ad9458f&AppEnvironment=datacollector-binary&UploadType=eteventstream] status=Processing
[2023.12.27-16.21.37:234][131]LogModuleManager: Shutting down and abandoning module SSL (60)
[2023.12.27-16.21.37:236][131]LogModuleManager: Shutting down and abandoning module MagicLeapEmulator (56)
[2023.12.27-16.21.37:236][131]LogModuleManager: Shutting down and abandoning module MagicLeapPrivileges (54)
[2023.12.27-16.21.37:236][131]LogModuleManager: Shutting down and abandoning module MagicLeapIdentity (52)
[2023.12.27-16.21.37:236][131]LogModuleManager: Shutting down and abandoning module MagicLeapHelperVulkan (50)
[2023.12.27-16.21.37:236][131]LogModuleManager: Shutting down and abandoning module MagicLeapHelperOpenGL (48)
[2023.12.27-16.21.37:236][131]LogModuleManager: Shutting down and abandoning module MagicLeapSecureStorage (46)
[2023.12.27-16.21.37:236][131]LogModuleManager: Shutting down and abandoning module MagicLeapGestures (44)
[2023.12.27-16.21.37:236][131]LogModuleManager: Shutting down and abandoning module MagicLeapEyeTracker (42)
[2023.12.27-16.21.37:236][131]LogModuleManager: Shutting down and abandoning module MagicLeapController (40)
[2023.12.27-16.21.37:236][131]LogSlate: Slate User Destroyed.  User Index 0, Is Virtual User: 0
[2023.12.27-16.21.37:236][131]LogModuleManager: Shutting down and abandoning module MagicLeap (38)
[2023.12.27-16.21.37:236][131]LogModuleManager: Shutting down and abandoning module AnimationModifiers (36)
[2023.12.27-16.21.37:236][131]LogModuleManager: Shutting down and abandoning module PropertyEditor (35)
[2023.12.27-16.21.37:236][131]LogModuleManager: Shutting down and abandoning module AudioEditor (32)
[2023.12.27-16.21.37:236][131]LogModuleManager: Shutting down and abandoning module TextureCompressor (30)
[2023.12.27-16.21.37:237][131]LogModuleManager: Shutting down and abandoning module ShaderCore (28)
[2023.12.27-16.21.37:237][131]LogModuleManager: Shutting down and abandoning module Landscape (26)
[2023.12.27-16.21.37:237][131]LogModuleManager: Shutting down and abandoning module SlateRHIRenderer (24)
[2023.12.27-16.21.37:237][131]LogModuleManager: Shutting down and abandoning module OpenGLDrv (22)
[2023.12.27-16.21.37:237][131]LogModuleManager: Shutting down and abandoning module D3D11RHI (20)
[2023.12.27-16.21.37:237][131]LogModuleManager: Shutting down and abandoning module AnimGraphRuntime (18)
[2023.12.27-16.21.37:237][131]LogModuleManager: Shutting down and abandoning module Renderer (16)
[2023.12.27-16.21.37:237][131]LogModuleManager: Shutting down and abandoning module Engine (14)
[2023.12.27-16.21.37:237][131]LogModuleManager: Shutting down and abandoning module CoreUObject (12)
[2023.12.27-16.21.37:237][131]LogModuleManager: Shutting down and abandoning module NetworkFile (10)
[2023.12.27-16.21.37:237][131]LogModuleManager: Shutting down and abandoning module CookedIterativeFile (8)
[2023.12.27-16.21.37:237][131]LogModuleManager: Shutting down and abandoning module StreamingFile (6)
[2023.12.27-16.21.37:237][131]LogModuleManager: Shutting down and abandoning module SandboxFile (4)
[2023.12.27-16.21.37:237][131]LogModuleManager: Shutting down and abandoning module PakFile (2)
[2023.12.27-16.21.37:246][131]LogExit: Exiting.
[2023.12.27-16.21.37:257][131]Log file closed, 12/27/23 17:21:37
